<?xml version="1.0" encoding="UTF-8"?>
<!-- Generated by org.testng.reporters.JUnitReportReporter -->
<testsuite hostname="ARAVA-DEV-L" failures="0" tests="1" name="testCases.LoginProduction" time="0.006" errors="0" timestamp="2025-01-22T17:51:49 IST" skipped="0">
  <testcase classname="testCases.LoginProduction" name="LogindataBase" time="0.006"/>
  <system-out/>
</testsuite> <!-- testCases.LoginProduction -->
