<?xml version="1.0" encoding="UTF-8"?>
<!-- Generated by org.testng.reporters.JUnitReportReporter -->
<testsuite hostname="ARAVA-DEV-L" failures="0" tests="2" name="testCases.HomePageTest" time="21.333" errors="0" timestamp="2025-01-29T15:14:05 IST" skipped="0">
  <testcase classname="testCases.HomePageTest" name="VerifyHomePageLogin" time="15.072"/>
  <system-out/>
  <testcase classname="testCases.HomePageTest" name="CheckCurrencyConversion" time="6.261"/>
  <system-out/>
</testsuite> <!-- testCases.HomePageTest -->
