<?xml version="1.0" encoding="UTF-8"?>
<!-- Generated by org.testng.reporters.JUnitReportReporter -->
<testsuite hostname="ARAVA-DEV-L" failures="0" tests="1" name="testCases.VerifyDashboard_002" time="0.421" errors="0" timestamp="2025-01-06T17:24:41 IST" skipped="0">
  <testcase classname="testCases.VerifyDashboard_002" name="verifyDashBoad" time="0.421"/>
  <system-out/>
</testsuite> <!-- testCases.VerifyDashboard_002 -->
