<?xml version="1.0" encoding="UTF-8"?>
<!-- Generated by org.testng.reporters.JUnitReportReporter -->
<testsuite hostname="ARAVA-DEV-L" failures="0" tests="1" name="testCases.Logintest" time="0.460" errors="0" timestamp="2025-01-05T12:25:28 IST" skipped="0">
  <testcase classname="testCases.Logintest" name="Test005DashBoad" time="0.460"/>
  <system-out/>
</testsuite> <!-- testCases.Logintest -->
