<?xml version="1.0" encoding="UTF-8"?>
<!-- Generated by org.testng.reporters.JUnitReportReporter -->
<testsuite hostname="ARAVA-DEV-L" failures="0" tests="1" name="testCases.AccountingPeriodTest" time="42.824" errors="0" timestamp="2025-01-29T15:14:05 IST" skipped="0">
  <testcase classname="testCases.AccountingPeriodTest" name="UpdatePeriodControl" time="42.824"/>
  <system-out/>
</testsuite> <!-- testCases.AccountingPeriodTest -->
